<?xml version="1.0" encoding="UTF-8"?>
<!-- Generated by org.testng.reporters.JUnitXMLReporter -->
<testsuite ignored="0" hostname="QT-UK-LT1395" failures="0" tests="1" name="CheckBoxes Android2" time="0.136" errors="0" timestamp="2022-04-21T13:22:25 BST">
  <testcase classname="com.herokuapp.base.BaseTest" name="@BeforeMethod setUp" time="0.126">
    <failure type="org.openqa.selenium.InvalidArgumentException" message="invalid argument: entry 0 of &amp;apos;firstMatch&amp;apos; is invalid
from invalid argument: cannot parse capability: goog:chromeOptions
from invalid argument: cannot parse mobileEmulation
from invalid argument: &amp;apos;Pixel 5&amp;apos; must be a valid device
from unknown error: must be a valid device
Build info: version: &amp;apos;3.14.0&amp;apos;, revision: &amp;apos;aacccce0&amp;apos;, time: &amp;apos;2018-08-02T20:19:58.91Z&amp;apos;
System info: host: &amp;apos;QT-UK-LT1395&amp;apos;, ip: &amp;apos;10.30.22.49&amp;apos;, os.name: &amp;apos;Windows 10&amp;apos;, os.arch: &amp;apos;amd64&amp;apos;, os.version: &amp;apos;10.0&amp;apos;, java.version: &amp;apos;17.0.2&amp;apos;
Driver info: driver.version: ChromeDriver
remote stacktrace: Backtrace:
	Ordinal0 [0x01029943+2595139]
	Ordinal0 [0x00FBC9F1+2148849]
	Ordinal0 [0x00EB4528+1066280]
	Ordinal0 [0x00EAEB24+1043236]
	Ordinal0 [0x00ECCD71+1166705]
	Ordinal0 [0x00ECC4B1+1164465]
	Ordinal0 [0x00ECCF80+1167232]
	Ordinal0 [0x00ECA546+1156422]
	Ordinal0 [0x00ECCF80+1167232]
	Ordinal0 [0x00EC6D9E+1142174]
	Ordinal0 [0x00EFF5B4+1373620]
	Ordinal0 [0x00EFF019+1372185]
	Ordinal0 [0x00F00345+1377093]
	Ordinal0 [0x00F0018A+1376650]
	Ordinal0 [0x00EFB806+1357830]
	Ordinal0 [0x00ED6086+1204358]
	Ordinal0 [0x00ED6F96+1208214]
	GetHandleVerifier [0x011CB232+1658114]
	GetHandleVerifier [0x0128312C+2411516]
	GetHandleVerifier [0x010BF261+560433]
	GetHandleVerifier [0x010BE366+556598]
	Ordinal0 [0x00FC286B+2173035]
	Ordinal0 [0x00FC75F8+2192888]
	Ordinal0 [0x00FC76E5+2193125]
	Ordinal0 [0x00FD11FC+2232828]
	BaseThreadInitThunk [0x7633FA29+25]
	RtlGetAppContainerNamedObjectPath [0x774A7A7E+286]
	RtlGetAppContainerNamedObjectPath [0x774A7A4E+238]
">
      <![CDATA[org.openqa.selenium.InvalidArgumentException: invalid argument: entry 0 of 'firstMatch' is invalid
from invalid argument: cannot parse capability: goog:chromeOptions
from invalid argument: cannot parse mobileEmulation
from invalid argument: 'Pixel 5' must be a valid device
from unknown error: must be a valid device
Build info: version: '3.14.0', revision: 'aacccce0', time: '2018-08-02T20:19:58.91Z'
System info: host: 'QT-UK-LT1395', ip: '10.30.22.49', os.name: 'Windows 10', os.arch: 'amd64', os.version: '10.0', java.version: '17.0.2'
Driver info: driver.version: ChromeDriver
remote stacktrace: Backtrace:
Ordinal0 [0x01029943+2595139]
Ordinal0 [0x00FBC9F1+2148849]
Ordinal0 [0x00EB4528+1066280]
Ordinal0 [0x00EAEB24+1043236]
Ordinal0 [0x00ECCD71+1166705]
Ordinal0 [0x00ECC4B1+1164465]
Ordinal0 [0x00ECCF80+1167232]
Ordinal0 [0x00ECA546+1156422]
Ordinal0 [0x00ECCF80+1167232]
Ordinal0 [0x00EC6D9E+1142174]
Ordinal0 [0x00EFF5B4+1373620]
Ordinal0 [0x00EFF019+1372185]
Ordinal0 [0x00F00345+1377093]
Ordinal0 [0x00F0018A+1376650]
Ordinal0 [0x00EFB806+1357830]
Ordinal0 [0x00ED6086+1204358]
Ordinal0 [0x00ED6F96+1208214]
GetHandleVerifier [0x011CB232+1658114]
GetHandleVerifier [0x0128312C+2411516]
GetHandleVerifier [0x010BF261+560433]
GetHandleVerifier [0x010BE366+556598]
Ordinal0 [0x00FC286B+2173035]
Ordinal0 [0x00FC75F8+2192888]
Ordinal0 [0x00FC76E5+2193125]
Ordinal0 [0x00FD11FC+2232828]
BaseThreadInitThunk [0x7633FA29+25]
RtlGetAppContainerNamedObjectPath [0x774A7A7E+286]
RtlGetAppContainerNamedObjectPath [0x774A7A4E+238]

at org.openqa.selenium.remote.W3CHandshakeResponse.lambda$new$0(W3CHandshakeResponse.java:57)
at org.openqa.selenium.remote.W3CHandshakeResponse.lambda$getResponseFunction$2(W3CHandshakeResponse.java:104)
at org.openqa.selenium.remote.ProtocolHandshake.lambda$createSession$0(ProtocolHandshake.java:122)
at java.base/java.util.stream.ReferencePipeline$3$1.accept(ReferencePipeline.java:197)
at java.base/java.util.Spliterators$ArraySpliterator.tryAdvance(Spliterators.java:1002)
at java.base/java.util.stream.ReferencePipeline.forEachWithCancel(ReferencePipeline.java:129)
at java.base/java.util.stream.AbstractPipeline.copyIntoWithCancel(AbstractPipeline.java:527)
at java.base/java.util.stream.AbstractPipeline.copyInto(AbstractPipeline.java:513)
at java.base/java.util.stream.AbstractPipeline.wrapAndCopyInto(AbstractPipeline.java:499)
at java.base/java.util.stream.FindOps$FindOp.evaluateSequential(FindOps.java:150)
at java.base/java.util.stream.AbstractPipeline.evaluate(AbstractPipeline.java:234)
at java.base/java.util.stream.ReferencePipeline.findFirst(ReferencePipeline.java:647)
at org.openqa.selenium.remote.ProtocolHandshake.createSession(ProtocolHandshake.java:125)
at org.openqa.selenium.remote.ProtocolHandshake.createSession(ProtocolHandshake.java:73)
at org.openqa.selenium.remote.HttpCommandExecutor.execute(HttpCommandExecutor.java:136)
at org.openqa.selenium.remote.service.DriverCommandExecutor.execute(DriverCommandExecutor.java:83)
at org.openqa.selenium.remote.RemoteWebDriver.execute(RemoteWebDriver.java:548)
at org.openqa.selenium.remote.RemoteWebDriver.startSession(RemoteWebDriver.java:212)
at org.openqa.selenium.remote.RemoteWebDriver.<init>(RemoteWebDriver.java:130)
at org.openqa.selenium.chrome.ChromeDriver.<init>(ChromeDriver.java:181)
at org.openqa.selenium.chrome.ChromeDriver.<init>(ChromeDriver.java:168)
at org.openqa.selenium.chrome.ChromeDriver.<init>(ChromeDriver.java:157)
at com.herokuapp.base.BrowserDriverFactory.createChromeWithMobileEmulation(BrowserDriverFactory.java:76)
at com.herokuapp.base.BaseTest.setUp(BaseTest.java:34)
at java.base/java.util.ArrayList.forEach(ArrayList.java:1511)
at com.intellij.rt.testng.IDEARemoteTestNG.run(IDEARemoteTestNG.java:66)
at com.intellij.rt.testng.RemoteTestNGStarter.main(RemoteTestNGStarter.java:109)
... Removed 33 stack frames]]>
    </failure>
  </testcase> <!-- @BeforeMethod setUp -->
  <testcase classname="com.herokuapp.base.BaseTest" name="@AfterMethod tearDown" time="0.001">
    <failure type="java.lang.NullPointerException" message="Cannot invoke &amp;quot;org.openqa.selenium.WebDriver.quit()&amp;quot; because &amp;quot;this.driver&amp;quot; is null">
      <![CDATA[java.lang.NullPointerException: Cannot invoke "org.openqa.selenium.WebDriver.quit()" because "this.driver" is null
at com.herokuapp.base.BaseTest.tearDown(BaseTest.java:56)
at java.base/java.util.ArrayList.forEach(ArrayList.java:1511)
at com.intellij.rt.testng.IDEARemoteTestNG.run(IDEARemoteTestNG.java:66)
at com.intellij.rt.testng.RemoteTestNGStarter.main(RemoteTestNGStarter.java:109)
... Removed 29 stack frames]]>
    </failure>
  </testcase> <!-- @AfterMethod tearDown -->
  <testcase classname="com.herokuapp.theinternetLoginTest.Test_Pages_CheckBox" name="CkeckBoxTest" time="0.0">
    <skipped/>
  </testcase> <!-- CkeckBoxTest -->
</testsuite> <!-- CheckBoxes Android2 -->
